c:\users\dodog\desktop\informatique\fps_cheat\ac-cheat-menu\cheat-menu\release\vc143.pdb
c:\users\dodog\desktop\informatique\fps_cheat\ac-cheat-menu\cheat-menu\release\imgui_widgets.obj
c:\users\dodog\desktop\informatique\fps_cheat\ac-cheat-menu\cheat-menu\release\imgui_tables.obj
c:\users\dodog\desktop\informatique\fps_cheat\ac-cheat-menu\cheat-menu\release\imgui_impl_win32.obj
c:\users\dodog\desktop\informatique\fps_cheat\ac-cheat-menu\cheat-menu\release\imgui_impl_dx9.obj
c:\users\dodog\desktop\informatique\fps_cheat\ac-cheat-menu\cheat-menu\release\imgui_draw.obj
c:\users\dodog\desktop\informatique\fps_cheat\ac-cheat-menu\cheat-menu\release\imgui_demo.obj
c:\users\dodog\desktop\informatique\fps_cheat\ac-cheat-menu\cheat-menu\release\imgui.obj
c:\users\dodog\desktop\informatique\fps_cheat\ac-cheat-menu\cheat-menu\release\main.obj
c:\users\dodog\desktop\informatique\fps_cheat\ac-cheat-menu\cheat-menu\release\gui.obj
c:\users\dodog\desktop\informatique\fps_cheat\ac-cheat-menu\cheat-menu\release\cheat.obj
c:\users\dodog\desktop\informatique\fps_cheat\ac-cheat-menu\cheat-menu\release\cheat-menu.ipdb
c:\users\dodog\desktop\informatique\fps_cheat\ac-cheat-menu\cheat-menu\release\cheat-menu.iobj
c:\users\dodog\desktop\informatique\fps_cheat\ac-cheat-menu\cheat-menu\release\cheat-menu.exe
c:\users\dodog\desktop\informatique\fps_cheat\ac-cheat-menu\cheat-menu\release\cheat-menu.pdb
c:\users\dodog\desktop\informatique\fps_cheat\ac-cheat-menu\cheat-menu\release\cheat-menu.tlog\cl.command.1.tlog
c:\users\dodog\desktop\informatique\fps_cheat\ac-cheat-menu\cheat-menu\release\cheat-menu.tlog\cl.items.tlog
c:\users\dodog\desktop\informatique\fps_cheat\ac-cheat-menu\cheat-menu\release\cheat-menu.tlog\cl.read.1.tlog
c:\users\dodog\desktop\informatique\fps_cheat\ac-cheat-menu\cheat-menu\release\cheat-menu.tlog\cl.write.1.tlog
c:\users\dodog\desktop\informatique\fps_cheat\ac-cheat-menu\cheat-menu\release\cheat-menu.tlog\link.command.1.tlog
c:\users\dodog\desktop\informatique\fps_cheat\ac-cheat-menu\cheat-menu\release\cheat-menu.tlog\link.read.1.tlog
c:\users\dodog\desktop\informatique\fps_cheat\ac-cheat-menu\cheat-menu\release\cheat-menu.tlog\link.write.1.tlog
c:\users\dodog\desktop\informatique\fps_cheat\ac-cheat-menu\cheat-menu\release\cheat-menu.tlog\link.write.2u.tlog
c:\users\dodog\desktop\informatique\fps_cheat\ac-cheat-menu\cheat-menu\release\cheat-menu.tlog\xsd.command.1.tlog
c:\users\dodog\desktop\informatique\fps_cheat\ac-cheat-menu\cheat-menu\release\cheat-menu.tlog\xsd.read.1.tlog
c:\users\dodog\desktop\informatique\fps_cheat\ac-cheat-menu\cheat-menu\release\cheat-menu.tlog\xsd.write.1.tlog
